{"details":{"ip":"unknown","reason":"user_not_found","userType":"student","username":"zzzzsz@gmail.com"},"event":"auth_failed_login","ip":"unknown","level":"info","service":"security","severity":"medium","timestamp":"2025-10-16T01:57:53.502Z","userAgent":"unknown"}
{"details":{"ip":"unknown","userId":"68ef28f7477381c9ae74612f","userType":"student","username":"student1"},"event":"auth_login","ip":"unknown","level":"info","service":"security","severity":"low","timestamp":"2025-10-16T02:04:49.568Z","userAgent":"unknown"}
{"details":{"ip":"unknown","userId":"68ef28f7477381c9ae74612f","userType":"student","username":"student1"},"event":"auth_login","ip":"unknown","level":"info","service":"security","severity":"low","timestamp":"2025-10-16T02:11:20.942Z","userAgent":"unknown"}
{"details":{"ip":"unknown","userId":"68ef6e13e3808fcd2a3b9c72","userType":"student","username":"keetapat"},"event":"auth_login","ip":"unknown","level":"info","service":"security","severity":"low","timestamp":"2025-10-16T02:12:01.426Z","userAgent":"unknown"}
{"details":{"ip":"unknown","userId":"68ef28f7477381c9ae74612d","userType":"teacher","username":"teacher"},"event":"auth_login","ip":"unknown","level":"info","service":"security","severity":"low","timestamp":"2025-10-16T02:12:24.382Z","userAgent":"unknown"}
{"details":{"ip":"unknown","userId":"68ef6e13e3808fcd2a3b9c72","userType":"student","username":"keetapat"},"event":"auth_login","ip":"unknown","level":"info","service":"security","severity":"low","timestamp":"2025-10-16T02:12:55.850Z","userAgent":"unknown"}
{"details":{"ip":"unknown","userId":"68ef28f7477381c9ae74612d","userType":"teacher","username":"teacher"},"event":"auth_login","ip":"unknown","level":"info","service":"security","severity":"low","timestamp":"2025-10-16T02:28:50.785Z","userAgent":"unknown"}
{"details":{"ip":"unknown","userId":"68ef6e13e3808fcd2a3b9c72","userType":"student","username":"keetapat"},"event":"auth_login","ip":"unknown","level":"info","service":"security","severity":"low","timestamp":"2025-10-16T02:34:09.041Z","userAgent":"unknown"}
{"details":{"ip":"unknown","userId":"68ef28f7477381c9ae74612d","userType":"teacher","username":"teacher"},"event":"auth_login","ip":"unknown","level":"info","service":"security","severity":"low","timestamp":"2025-10-16T02:34:51.043Z","userAgent":"unknown"}
{"details":{"ip":"unknown","userId":"68ef6e13e3808fcd2a3b9c72","userType":"student","username":"keetapat"},"event":"auth_login","ip":"unknown","level":"info","service":"security","severity":"low","timestamp":"2025-10-16T02:35:50.641Z","userAgent":"unknown"}
{"details":{"ip":"unknown","userId":"68ef28f7477381c9ae74612d","userType":"teacher","username":"teacher"},"event":"auth_login","ip":"unknown","level":"info","service":"security","severity":"low","timestamp":"2025-10-16T02:36:47.263Z","userAgent":"unknown"}
{"details":{"ip":"unknown","userId":"68ef6e13e3808fcd2a3b9c72","userType":"student","username":"keetapat"},"event":"auth_login","ip":"unknown","level":"info","service":"security","severity":"low","timestamp":"2025-10-16T02:44:06.112Z","userAgent":"unknown"}
{"details":{"ip":"unknown","userId":"68ef28f7477381c9ae74612f","userType":"student","username":"student1"},"event":"auth_login","ip":"unknown","level":"info","service":"security","severity":"low","timestamp":"2025-10-16T02:56:08.843Z","userAgent":"unknown"}
{"details":{"ip":"unknown","userId":"68ef6e13e3808fcd2a3b9c72","userType":"student","username":"keetapat"},"event":"auth_login","ip":"unknown","level":"info","service":"security","severity":"low","timestamp":"2025-10-16T02:56:28.318Z","userAgent":"unknown"}
{"details":{"ip":"unknown","userId":"68ef6e13e3808fcd2a3b9c72","userType":"student","username":"keetapat"},"event":"auth_login","ip":"unknown","level":"info","service":"security","severity":"low","timestamp":"2025-10-16T03:03:57.493Z","userAgent":"unknown"}
{"details":{"ip":"unknown","userId":"68ef28f7477381c9ae74612d","userType":"teacher","username":"teacher"},"event":"auth_login","ip":"unknown","level":"info","service":"security","severity":"low","timestamp":"2025-10-16T03:11:04.873Z","userAgent":"unknown"}
{"details":{"ip":"unknown","userId":"68ef6e13e3808fcd2a3b9c72","userType":"student","username":"keetapat"},"event":"auth_login","ip":"unknown","level":"info","service":"security","severity":"low","timestamp":"2025-10-16T03:12:09.166Z","userAgent":"unknown"}
{"details":{"ip":"unknown","userId":"68ef28f7477381c9ae74612d","userType":"teacher","username":"teacher"},"event":"auth_login","ip":"unknown","level":"info","service":"security","severity":"low","timestamp":"2025-10-16T03:19:33.956Z","userAgent":"unknown"}
{"details":{"ip":"unknown","userId":"68ef6e13e3808fcd2a3b9c72","userType":"student","username":"keetapat"},"event":"auth_login","ip":"unknown","level":"info","service":"security","severity":"low","timestamp":"2025-10-16T03:58:37.136Z","userAgent":"unknown"}
{"details":{"ip":"unknown","userId":"68ef28f7477381c9ae74612c","userType":"admin","username":"admin"},"event":"auth_login","ip":"unknown","level":"info","service":"security","severity":"low","timestamp":"2025-10-16T06:10:07.083Z","userAgent":"unknown"}
{"details":{"count":3,"query":{"userType":"teacher"},"userId":"68ef28f7477381c9ae74612c","userType":"admin"},"event":"db_users_retrieved","ip":"unknown","level":"info","service":"security","severity":"low","timestamp":"2025-10-16T06:16:30.884Z","userAgent":"unknown"}
{"details":{"count":4,"query":{"userType":"student"},"userId":"68ef28f7477381c9ae74612c","userType":"admin"},"event":"db_users_retrieved","ip":"unknown","level":"info","service":"security","severity":"low","timestamp":"2025-10-16T06:16:31.141Z","userAgent":"unknown"}
{"details":{"count":3,"query":{"userType":"teacher"},"userId":"68ef28f7477381c9ae74612c","userType":"admin"},"event":"db_users_retrieved","ip":"unknown","level":"info","service":"security","severity":"low","timestamp":"2025-10-16T06:18:29.801Z","userAgent":"unknown"}
{"details":{"count":3,"query":{"userType":"teacher"},"userId":"68ef28f7477381c9ae74612c","userType":"admin"},"event":"db_users_retrieved","ip":"unknown","level":"info","service":"security","severity":"low","timestamp":"2025-10-16T06:18:30.530Z","userAgent":"unknown"}
{"details":{"count":4,"query":{"userType":"student"},"userId":"68ef28f7477381c9ae74612c","userType":"admin"},"event":"db_users_retrieved","ip":"unknown","level":"info","service":"security","severity":"low","timestamp":"2025-10-16T06:18:50.168Z","userAgent":"unknown"}
{"details":{"count":4,"query":{"userType":"student"},"userId":"68ef28f7477381c9ae74612c","userType":"admin"},"event":"db_users_retrieved","ip":"unknown","level":"info","service":"security","severity":"low","timestamp":"2025-10-16T06:18:50.867Z","userAgent":"unknown"}
